C:\USERS\DAVID\EMBSNAKE\EMBSNAKE_VCC\DEBUG\EMBSNAKE_VCC.EXE
C:\USERS\DAVID\EMBSNAKE\EMBSNAKE_VCC\DEBUG\EMBSNAKE_VCC.ILK
C:\USERS\DAVID\EMBSNAKE\EMBSNAKE_VCC\DEBUG\EMBSNAKE_VCC.PDB
C:\Users\David\embSnake\embSnake_vcc\embSnake_vcc\Debug\cl.command.1.tlog
C:\Users\David\embSnake\embSnake_vcc\embSnake_vcc\Debug\CL.read.1.tlog
C:\Users\David\embSnake\embSnake_vcc\embSnake_vcc\Debug\CL.write.1.tlog
C:\USERS\DAVID\EMBSNAKE\EMBSNAKE_VCC\EMBSNAKE_VCC\DEBUG\EMBSNAKE_DRAW.OBJ
C:\USERS\DAVID\EMBSNAKE\EMBSNAKE_VCC\EMBSNAKE_VCC\DEBUG\EMBSNAKE_EMUL.OBJ
C:\USERS\DAVID\EMBSNAKE\EMBSNAKE_VCC\EMBSNAKE_VCC\DEBUG\EMBSNAKE_LOOP.OBJ
C:\USERS\DAVID\EMBSNAKE\EMBSNAKE_VCC\EMBSNAKE_VCC\DEBUG\EMBSNAKE_VCC.EXE.INTERMEDIATE.MANIFEST
C:\Users\David\embSnake\embSnake_vcc\embSnake_vcc\Debug\embSnake_vcc.vcxprojResolveAssemblyReference.cache
C:\Users\David\embSnake\embSnake_vcc\embSnake_vcc\Debug\embSnake_vcc.write.1.tlog
C:\Users\David\embSnake\embSnake_vcc\embSnake_vcc\Debug\link.command.1.tlog
C:\Users\David\embSnake\embSnake_vcc\embSnake_vcc\Debug\link.read.1.tlog
C:\Users\David\embSnake\embSnake_vcc\embSnake_vcc\Debug\link.write.1.tlog
C:\Users\David\embSnake\embSnake_vcc\embSnake_vcc\Debug\mt.command.1.tlog
C:\Users\David\embSnake\embSnake_vcc\embSnake_vcc\Debug\mt.read.1.tlog
C:\Users\David\embSnake\embSnake_vcc\embSnake_vcc\Debug\mt.write.1.tlog
C:\Users\David\embSnake\embSnake_vcc\embSnake_vcc\Debug\vc100.idb
C:\USERS\DAVID\EMBSNAKE\EMBSNAKE_VCC\EMBSNAKE_VCC\DEBUG\VC100.PDB
